<?xml version="1.0" encoding="UTF-8"?>
<!-- Generated by org.testng.reporters.JUnitReportReporter -->
<testsuite hostname="BDC6-DX-3ND0N62" name="com.crm.qa.testcases.LoginPageTest" tests="3" failures="0" timestamp="25 Oct 2018 12:33:06 GMT" time="45.223" errors="0">
  <testcase name="loginPageTitleTest" time="8.803" classname="com.crm.qa.testcases.LoginPageTest"/>
  <testcase name="crmLogoCheckTest" time="9.421" classname="com.crm.qa.testcases.LoginPageTest"/>
  <testcase name="loginCredentialsTest" time="26.999" classname="com.crm.qa.testcases.LoginPageTest"/>
</testsuite> <!-- com.crm.qa.testcases.LoginPageTest -->
