<?xml version="1.0" encoding="UTF-8"?>
<!-- Generated by org.testng.reporters.JUnitReportReporter -->
<testsuite hostname="BDC6-DX-3ND0N62" name="com.crm.qa.testcases.ContactsPageTest" tests="1" failures="0" timestamp="26 Oct 2018 14:17:02 GMT" time="33.611" errors="0">
  <testcase name="addContactTest" time="33.611" classname="com.crm.qa.testcases.ContactsPageTest"/>
</testsuite> <!-- com.crm.qa.testcases.ContactsPageTest -->
