<?xml version="1.0" encoding="UTF-8"?>
<!-- Generated by org.testng.reporters.JUnitReportReporter -->
<testsuite hostname="BDC6-DX-3ND0N62" name="com.crm.qa.testcases.HomePageTest" tests="4" failures="0" timestamp="26 Oct 2018 12:03:01 GMT" time="121.355" errors="0">
  <testcase name="verifyCorrectUserNameTest" time="28.258" classname="com.crm.qa.testcases.HomePageTest"/>
  <testcase name="clickOnNewContactLinkTest" time="33.585" classname="com.crm.qa.testcases.HomePageTest"/>
  <testcase name="clickOnContactsLinkTest" time="32.505" classname="com.crm.qa.testcases.HomePageTest"/>
  <testcase name="verifyHomePageTitleTest" time="27.007" classname="com.crm.qa.testcases.HomePageTest"/>
</testsuite> <!-- com.crm.qa.testcases.HomePageTest -->
